  Source.cpp
C:\Users\Yaniv Suriyano\source\repos\TETRIS2\TETRIS2\Source.cpp(15,18): warning C4305: 'initializing': truncation from 'double' to 'float'
C:\Users\Yaniv Suriyano\source\repos\TETRIS2\TETRIS2\Source.cpp(54,15): warning C4244: 'argument': conversion from 'time_t' to 'unsigned int', possible loss of data
C:\Users\Yaniv Suriyano\source\repos\TETRIS2\TETRIS2\Source.cpp(73,46): warning C4244: 'argument': conversion from 'T' to 'float', possible loss of data
          with
          [
              T=unsigned int
          ]
C:\Users\Yaniv Suriyano\source\repos\TETRIS2\TETRIS2\Source.cpp(74,70): warning C4244: 'argument': conversion from 'T' to 'float', possible loss of data
          with
          [
              T=unsigned int
          ]
C:\Users\Yaniv Suriyano\source\repos\TETRIS2\TETRIS2\Source.cpp(74,44): warning C4244: 'argument': conversion from 'T' to 'float', possible loss of data
          with
          [
              T=unsigned int
          ]
C:\Users\Yaniv Suriyano\source\repos\TETRIS2\TETRIS2\Source.cpp(120,29): warning C4305: '=': truncation from 'double' to 'float'
C:\Users\Yaniv Suriyano\source\repos\TETRIS2\TETRIS2\Source.cpp(191,90): warning C4244: 'argument': conversion from 'T' to 'float', possible loss of data
          with
          [
              T=unsigned int
          ]
C:\Users\Yaniv Suriyano\source\repos\TETRIS2\TETRIS2\Source.cpp(191,65): warning C4244: 'argument': conversion from 'T' to 'float', possible loss of data
          with
          [
              T=unsigned int
          ]
C:\Users\Yaniv Suriyano\source\repos\TETRIS2\TETRIS2\Source.cpp(219,37): warning C4305: '-=': truncation from 'double' to 'float'
C:\Users\Yaniv Suriyano\source\repos\TETRIS2\TETRIS2\Source.cpp(235,45): warning C4244: 'argument': conversion from 'int' to 'float', possible loss of data
C:\Users\Yaniv Suriyano\source\repos\TETRIS2\TETRIS2\Source.cpp(235,37): warning C4244: 'argument': conversion from 'int' to 'float', possible loss of data
C:\Users\Yaniv Suriyano\source\repos\TETRIS2\TETRIS2\Source.cpp(243,51): warning C4244: 'argument': conversion from 'int' to 'float', possible loss of data
C:\Users\Yaniv Suriyano\source\repos\TETRIS2\TETRIS2\Source.cpp(243,38): warning C4244: 'argument': conversion from 'int' to 'float', possible loss of data
  Generating code
  1 of 102 functions ( 1.0%) were compiled, the rest were copied from previous compilation.
    0 functions were new in current compilation
    0 functions had inline decision re-evaluated but remain unchanged
  Finished generating code
  TETRIS2.vcxproj -> C:\Users\Yaniv Suriyano\source\repos\TETRIS2\Release\TETRIS2.exe
